<?xml version="1.0" encoding="UTF-8"?>
<!-- Generated by org.testng.reporters.JUnitReportReporter -->
<testsuite hostname="DESKTOP-9DEP4UT" failures="0" tests="1" name="MyTestNGClass" time="0.008" errors="0" timestamp="2023-11-28T12:58:20 EST" skipped="0">
  <testcase classname="MyTestNGClass" name="testExample" time="0.008"/>
</testsuite> <!-- MyTestNGClass -->
